Global .Rprofile loaded!
The model folder was locked by this process.
Loading required package: methods

Attaching package: 'magclass'

The following object is masked from 'package:grid':

    getNames


Delete old data in input folders ... done!

Load data..
  try https://rse.pik-potsdam.de/data/magpie/public
    repository access failed .. skip repository!
  try https://rse.pik-potsdam.de/data/magpie/intern
    repository access failed .. skip repository!
  try /p/projects/rd3mod/mirror/rse.pik-potsdam.de/data/magpie/intern
  try /p/projects/rd3mod/mirror/rse.pik-potsdam.de/data/magpie/public
  try /p/projects/landuse/data/input/archive
    -> isimip_rcp-IPSL_CM5A_LR-rcp2p6-co2_rev34_c200_690d3718e151be1b450b394c1064b1c5.tgz
    -> additional_data_rev3.58.tgz
  try /p/projects/landuse/data/input/calibration
    -> calibration_H12_c200_12Sep18.tgz
  try /p/projects/rd3mod/inputdata/output
    -> rev4.14_690d3718e151be1b450b394c1064b1c5_magpie.tgz
    -> rev4.14_690d3718e151be1b450b394c1064b1c5_validation.tgz
..unpack files..
 -> isimip_rcp-IPSL_CM5A_LR-rcp2p6-co2_rev34_c200_690d3718e151be1b450b394c1064b1c5.tgz
 -> rev4.14_690d3718e151be1b450b394c1064b1c5_magpie.tgz
 -> rev4.14_690d3718e151be1b450b394c1064b1c5_validation.tgz
 -> additional_data_rev3.58.tgz
 -> calibration_H12_c200_12Sep18.tgz
..done

Start moving input files:
    f09_development_state.cs3                ->  modules/09_drivers/input/f09_development_state.cs3 
    f09_gdp_mer_iso.csv                      ->  modules/09_drivers/input/f09_gdp_mer_iso.csv 
    f09_gdp_ppp_iso.csv                      ->  modules/09_drivers/input/f09_gdp_ppp_iso.csv 
    f09_pop_iso.csv                          ->  modules/09_drivers/input/f09_pop_iso.csv 
    f09_urban_iso.csv                        ->  modules/09_drivers/input/f09_urban_iso.csv 
    f09_demography.cs3                       ->  modules/09_drivers/input/f09_demography.cs3 
    f09_physical_inactivity.cs3              ->  modules/09_drivers/input/f09_physical_inactivity.cs3 
    avl_land_t.cs3                           ->  modules/10_land/input/avl_land_t.cs3 
    avl_land_t_0.5.mz                        ->  modules/10_land/input/avl_land_t_0.5.mz 
    f12_interest_rate.cs3                    ->  modules/12_interest_rate/input/f12_interest_rate.cs3 
    f12_interest_rate_coupling.csv           ->  modules/12_interest_rate/input/f12_interest_rate_coupling.csv 
    f12_interest_rate_bound.cs3              ->  modules/12_interest_rate/input/f12_interest_rate_bound.cs3 
    fm_tau1995.cs4                           ->  modules/13_tc/input/fm_tau1995.cs4 
    f13_tau_scenario.csv                     ->  modules/13_tc/input/f13_tau_scenario.csv 
    f13_tcguess.cs4                          ->  modules/13_tc/input/f13_tcguess.cs4 
    f13_tc_exponent.cs3                      ->  modules/13_tc/input/f13_tc_exponent.cs3 
    f13_tc_factor.cs3                        ->  modules/13_tc/input/f13_tc_factor.cs3 
    lpj_yields.cs3                           ->  modules/14_yields/input/lpj_yields.cs3 
    f14_yld_calib.csv                        ->  modules/14_yields/input/f14_yld_calib.csv 
    lpj_yields_0.5.mz                        ->  modules/14_yields/input/lpj_yields_0.5.mz 
    f14_pasture_yields_hist.csv              ->  modules/14_yields/input/f14_pasture_yields_hist.csv 
    f15_bmi.cs3                              ->  modules/15_food/input/f15_bmi.cs3 
    f15_bmi_shr_past.cs3                     ->  modules/15_food/input/f15_bmi_shr_past.cs3 
    f15_bmi_shr_regr_paras.cs3               ->  modules/15_food/input/f15_bmi_shr_regr_paras.cs3 
    f15_demand_regression_parameters.cs3     ->  modules/15_food/input/f15_demand_regression_parameters.cs3 
    f15_bmi_shr_regr_paras.cs3               ->  modules/15_food/input/f15_bmi_shr_regr_paras.cs3 
    f15_kcal_pc_iso.csv                      ->  modules/15_food/input/f15_kcal_pc_iso.csv 
    f15_intake_pc_observed_iso.cs3           ->  modules/15_food/input/f15_intake_pc_observed_iso.cs3 
    f15_prices_initial.csv                   ->  modules/15_food/input/f15_prices_initial.csv 
    f15_prices_index.csv                     ->  modules/15_food/input/f15_prices_index.csv 
    f15_kcal_balanceflow_fadeout.csv         ->  modules/15_food/input/f15_kcal_balanceflow_fadeout.csv 
    f15_ruminant_fadeout.csv                 ->  modules/15_food/input/f15_ruminant_fadeout.csv 
    f15_bodyheight_historical.cs3            ->  modules/15_food/input/f15_bodyheight_historical.cs3 
    f15_schofield_parameters.cs3             ->  modules/15_food/input/f15_schofield_parameters.cs3 
    f15_schofield_parameters_height.cs3      ->  modules/15_food/input/f15_schofield_parameters_height.cs3 
    f15_intake_regression_parameters.cs3     ->  modules/15_food/input/f15_intake_regression_parameters.cs3 
    f15_household_balanceflow.cs3            ->  modules/15_food/input/f15_household_balanceflow.cs3 
    f15_nutrition_attributes.cs3             ->  modules/15_food/input/f15_nutrition_attributes.cs3 
    fm_attributes.cs3                        ->  modules/16_demand/sector_may15/input/fm_attributes.cs3 
    f16_seed_shr.csv                         ->  modules/16_demand/sector_may15/input/f16_seed_shr.csv 
    f16_waste_shr.csv                        ->  modules/16_demand/sector_may15/input/f16_waste_shr.csv 
    f16_domestic_balanceflow.csv             ->  modules/16_demand/sector_may15/input/f16_domestic_balanceflow.csv 
    f18_cgf.csv                              ->  modules/18_residues/flexreg_apr16/input/f18_cgf.csv 
    f18_res_use_burn.cs3                     ->  modules/18_residues/flexreg_apr16/input/f18_res_use_burn.cs3 
    f18_fac_req_kres.csv                     ->  modules/18_residues/flexreg_apr16/input/f18_fac_req_kres.csv 
    f18_multicropping.csv                    ->  modules/18_residues/input/f18_multicropping.csv 
    f18_res_combust_eff.cs4                  ->  modules/18_residues/input/f18_res_combust_eff.cs4 
    f18_attributes_residue_ag.csv            ->  modules/18_residues/input/f18_attributes_residue_ag.csv 
    f18_attributes_residue_bg.csv            ->  modules/18_residues/input/f18_attributes_residue_bg.csv 
    f20_processing_shares.cs3                ->  modules/20_processing/coupleproducts_feb17/input/f20_processing_shares.cs3 
    f20_processing_conversion_factors.cs3    ->  modules/20_processing/coupleproducts_feb17/input/f20_processing_conversion_factors.cs3 
    f20_processing_balanceflow.cs3           ->  modules/20_processing/coupleproducts_feb17/input/f20_processing_balanceflow.cs3 
    f20_processing_unitcosts.cs3             ->  modules/20_processing/coupleproducts_feb17/input/f20_processing_unitcosts.cs3 
    f21_trade_self_suff.cs3                  ->  modules/21_trade/input/f21_trade_self_suff.cs3 
    f21_trade_export_share.cs3               ->  modules/21_trade/input/f21_trade_export_share.cs3 
    f21_trade_balanceflow.cs3                ->  modules/21_trade/input/f21_trade_balanceflow.cs3 
    f21_trade_margin.cs3                     ->  modules/21_trade/input/f21_trade_margin.cs3 
    f21_trade_tariff.cs3                     ->  modules/21_trade/input/f21_trade_tariff.cs3 
    f21_trade_tariff_export.cs3              ->  modules/21_trade/input/f21_trade_tariff_export.cs3 
    f21_trade_tariff_import.cs3              ->  modules/21_trade/input/f21_trade_tariff_import.cs3 
    f21_trade_bal_reduction.cs3              ->  modules/21_trade/input/f21_trade_bal_reduction.cs3 
    f30_rotation_max.csv                     ->  modules/30_crop/endo_jun13/input/f30_rotation_max.csv 
    f30_rotation_min.csv                     ->  modules/30_crop/endo_jun13/input/f30_rotation_min.csv 
    avl_land_si.cs3                          ->  modules/30_crop/endo_jun13/input/avl_land_si.cs3 
    aff_unrestricted.cs2                     ->  modules/32_forestry/input/aff_unrestricted.cs2 
    aff_noboreal.cs2                         ->  modules/32_forestry/input/aff_noboreal.cs2 
    aff_onlytropical.cs2                     ->  modules/32_forestry/input/aff_onlytropical.cs2 
    f32_fac_req_ha.csv                       ->  modules/32_forestry/input/f32_fac_req_ha.csv 
    npi_ndc_aff_pol.cs3                      ->  modules/32_forestry/input/npi_ndc_aff_pol.cs3 
    protect_area.cs3                         ->  modules/35_natveg/input/protect_area.cs3 
    npi_ndc_ad_aolc_pol.cs3                  ->  modules/35_natveg/input/npi_ndc_ad_aolc_pol.cs3 
    f38_fac_req.csv                          ->  modules/38_factor_costs/input/f38_fac_req.csv 
    f38_fac_req_per_ton.csv                  ->  modules/38_factor_costs/input/f38_fac_req_per_ton.csv 
    f38_region_yield.csv                     ->  modules/38_factor_costs/mixed_feb17/input/f38_region_yield.csv 
    f40_transport_costs.csv                  ->  modules/40_transport/gtap_nov12/input/f40_transport_costs.csv 
    transport_distance.cs2                   ->  modules/40_transport/input/transport_distance.cs2 
    f41_c_irrig.csv                          ->  modules/41_area_equipped_for_irrigation/endo_apr13/input/f41_c_irrig.csv 
    avl_irrig.cs2                            ->  modules/41_area_equipped_for_irrigation/input/avl_irrig.cs2 
    lpj_airrig.cs2                           ->  modules/42_water_demand/input/lpj_airrig.cs2 
    lpj_envflow_grper.cs2                    ->  modules/42_water_demand/input/lpj_envflow_grper.cs2 
    watdem_nonagr_grper.cs3                  ->  modules/42_water_demand/input/watdem_nonagr_grper.cs3 
    f42_env_flow_policy.cs3                  ->  modules/42_water_demand/input/f42_env_flow_policy.cs3 
    f42_wat_req_fao.csv                      ->  modules/42_water_demand/input/f42_wat_req_fao.csv 
    lpj_watavail_grper.cs2                   ->  modules/43_water_availability/input/lpj_watavail_grper.cs2 
    koeppen_geiger.cs3                       ->  modules/45_climate/static/input/koeppen_geiger.cs3 
    f50_snupe.cs4                            ->  modules/50_nr_soil_budget/input/f50_snupe.cs4 
    f50_nitrogen_balanceflow.cs4             ->  modules/50_nr_soil_budget/input/f50_nitrogen_balanceflow.cs4 
    f50_ndfa.cs4                             ->  modules/50_nr_soil_budget/input/f50_ndfa.cs4 
    f50_fixation_freeliving.cs4              ->  modules/50_nr_soil_budget/input/f50_fixation_freeliving.cs4 
    f50_atmospheric_deposition_rates.cs4     ->  modules/50_nr_soil_budget/input/f50_atmospheric_deposition_rates.cs4 
    f50_nue_pasture.cs4                      ->  modules/50_nr_soil_budget/input/f50_nue_pasture.cs4 
    f50_nitrogen_fixation_rates_pasture.cs4  ->  modules/50_nr_soil_budget/input/f50_nitrogen_fixation_rates_pasture.cs4 
    f50_nitrogen_balanceflow_pasture.cs4     ->  modules/50_nr_soil_budget/input/f50_nitrogen_balanceflow_pasture.cs4 
    f51_ipcc_ef.csv                          ->  modules/51_nitrogen/input/f51_ipcc_ef.csv 
    f51_ef_n_soil.cs3                        ->  modules/51_nitrogen/ipcc2006_sep16/input/f51_ef_n_soil.cs3 
    f51_ef3_confinement.cs4                  ->  modules/51_nitrogen/ipcc2006_sep16/input/f51_ef3_confinement.cs4 
    f51_ef3_prp.cs4                          ->  modules/51_nitrogen/ipcc2006_sep16/input/f51_ef3_prp.cs4 
    lpj_carbon_stocks.cs3                    ->  modules/52_carbon/input/lpj_carbon_stocks.cs3 
    lpj_carbon_stocks_0.5.mz                 ->  modules/52_carbon/input/lpj_carbon_stocks_0.5.mz 
    f52_growth_par.csv                       ->  modules/52_carbon/input/f52_growth_par.csv 
    f53_EFch4Rice.cs4                        ->  modules/53_methane/input/f53_EFch4Rice.cs4 
    f53_EFch4AWMS.cs4                        ->  modules/53_methane/input/f53_EFch4AWMS.cs4 
    f55_manure_fuel_shr.cs4                  ->  modules/55_awms/ipcc2006_aug16/input/f55_manure_fuel_shr.cs4 
    f55_awms_shr.cs4                         ->  modules/55_awms/ipcc2006_aug16/input/f55_awms_shr.cs4 
    f55_awms_recycling_share.cs4             ->  modules/55_awms/ipcc2006_aug16/input/f55_awms_recycling_share.cs4 
    f56_pollutant_prices.cs3                 ->  modules/56_ghg_policy/input/f56_pollutant_prices.cs3 
    f56_aff_policy.csv                       ->  modules/56_ghg_policy/input/f56_aff_policy.csv 
    f56_emis_policy.csv                      ->  modules/56_ghg_policy/input/f56_emis_policy.csv 
    f57_maccs_n2o.cs3                        ->  modules/57_maccs/input/f57_maccs_n2o.cs3 
    f57_maccs_ch4.cs3                        ->  modules/57_maccs/input/f57_maccs_ch4.cs3 
    f59_ch5_F_I.csv                          ->  modules/59_som/cellpool_aug16/input/f59_ch5_F_I.csv 
    f59_ch5_F_LU.csv                         ->  modules/59_som/cellpool_aug16/input/f59_ch5_F_LU.csv 
    f59_ch5_F_MG.csv                         ->  modules/59_som/cellpool_aug16/input/f59_ch5_F_MG.csv 
    f59_som_initialisation_pools.cs3         ->  modules/59_som/cellpool_aug16/input/f59_som_initialisation_pools.cs3 
    lpj_carbon_topsoil.cs2                   ->  modules/59_som/cellpool_aug16/input/lpj_carbon_topsoil.cs2 
    f60_1stgen_bioenergy_dem.cs3             ->  modules/60_bioenergy/input/f60_1stgen_bioenergy_dem.cs3 
    f60_2ndgenBE_residue_dem.cs3             ->  modules/60_bioenergy/input/f60_2ndgenBE_residue_dem.cs3 
    f60_bioenergy_dem.cs3                    ->  modules/60_bioenergy/input/f60_bioenergy_dem.cs3 
    f62_dem_material.cs3                     ->  modules/62_material/input/f62_dem_material.cs3 
    f70_feed_baskets.cs3                     ->  modules/70_livestock/fbask_jan16/input/f70_feed_baskets.cs3 
    f70_feed_balanceflow.cs3                 ->  modules/70_livestock/fbask_jan16/input/f70_feed_balanceflow.cs3 
    f70_livestock_productivity.cs3           ->  modules/70_livestock/fbask_jan16/input/f70_livestock_productivity.cs3 
    f70_capit_liv_regr.csv                   ->  modules/70_livestock/fbask_jan16/input/f70_capit_liv_regr.csv 
    f70_slaughter_feed_share.cs4             ->  modules/70_livestock/fbask_jan16/input/f70_slaughter_feed_share.cs4 
    f70_pyld_slope_reg.cs4                   ->  modules/70_livestock/fbask_jan16/input/f70_pyld_slope_reg.cs4 
    country2cell.rds                         ->  scripts/npi_ndc/policies/country2cell.rds 
    policy_definitions.csv                   ->  scripts/npi_ndc/policies/policy_definitions.csv 

Starting NPI/NDC recalculation!
Loading required package: luscale
NPI AD policy
LAX 2 %
CEX 4 %
ZAF 6 %
CHN 8 %
IND 10 %
NPL 12 %
VNM 14 %
ESP 16 %
IRL 18 %
PRT 20 %
GBR 22 %
FRA 24 %
BEL 27 %
NLD 29 %
NOR 31 %
LUX 33 %
DEU 35 %
CHE 37 %
ITA 39 %
DNK 41 %
AUT 43 %
SWE 45 %
CZE 47 %
HRV 49 %
SVN 51 %
POL 53 %
HUN 55 %
SVK 57 %
GRC 59 %
ROU 61 %
LTU 63 %
LVA 65 %
FIN 67 %
EST 69 %
BGR 71 %
CYP 73 %
MEX 76 %
USA 78 %
ECU 80 %
PAN 82 %
URY 84 %
MAR 86 %
TUN 88 %
PSE 90 %
CAN 92 %
AUS 94 %
JPN 96 %
NZL 98 %
IDN 100 %
NDC AD policy
LAX 1 %
SEN 3 %
GHA 4 %
BEN 5 %
NAM 7 %
AGO 8 %
CAF 9 %
ZAF 11 %
BDI 12 %
RWA 14 %
UGA 15 %
ETH 16 %
CHN 18 %
IND 19 %
NPL 20 %
LAO 22 %
THA 23 %
KHM 24 %
VNM 26 %
ESP 27 %
IRL 28 %
PRT 30 %
GBR 31 %
FRA 32 %
BEL 34 %
NLD 35 %
NOR 36 %
LUX 38 %
DEU 39 %
CHE 41 %
ITA 42 %
DNK 43 %
AUT 45 %
SWE 46 %
CZE 47 %
HRV 49 %
SVN 50 %
POL 51 %
HUN 53 %
SVK 54 %
GRC 55 %
ROU 57 %
LTU 58 %
LVA 59 %
FIN 61 %
EST 62 %
BGR 64 %
BLR 65 %
CYP 66 %
GEO 68 %
ARM 69 %
MEX 70 %
USA 72 %
ECU 73 %
SLV 74 %
HND 76 %
BLZ 77 %
CRI 78 %
PAN 80 %
CHL 81 %
HTI 82 %
BOL 84 %
URY 85 %
MAR 86 %
TUN 88 %
PSE 89 %
PAK 91 %
CAN 92 %
AUS 93 %
JPN 95 %
NZL 96 %
IDN 97 %
LKA 99 %
BTN 100 %
NPI AOLC policy
CHN 3 %
ESP 6 %
IRL 10 %
PRT 13 %
GBR 16 %
FRA 19 %
BEL 23 %
NLD 26 %
NOR 29 %
LUX 32 %
DEU 35 %
CHE 39 %
ITA 42 %
DNK 45 %
AUT 48 %
SWE 52 %
CZE 55 %
HRV 58 %
SVN 61 %
POL 65 %
HUN 68 %
SVK 71 %
GRC 74 %
ROU 77 %
LTU 81 %
LVA 84 %
FIN 87 %
EST 90 %
BGR 94 %
CYP 97 %
JPN 100 %
NDC AOLC policy
CHN 3 %
ESP 6 %
IRL 9 %
PRT 12 %
GBR 16 %
FRA 19 %
BEL 22 %
NLD 25 %
NOR 28 %
LUX 31 %
DEU 34 %
CHE 38 %
ITA 41 %
DNK 44 %
AUT 47 %
SWE 50 %
CZE 53 %
HRV 56 %
SVN 59 %
POL 62 %
HUN 66 %
SVK 69 %
GRC 72 %
ROU 75 %
LTU 78 %
LVA 81 %
FIN 84 %
EST 88 %
BGR 91 %
CYP 94 %
SLV 97 %
JPN 100 %
NPI AFF policy
LAX 8 %
CEX 15 %
OTX 23 %
CHN 31 %
IND 38 %
VNM 46 %
USA 54 %
ECU 62 %
PAN 69 %
URY 77 %
MAR 85 %
TUN 92 %
AUS 100 %
NDC AFF policy
LAX 3 %
CEX 6 %
OTX 9 %
SEN 12 %
GHA 16 %
NAM 19 %
BDI 22 %
RWA 25 %
UGA 28 %
ETH 31 %
CHN 34 %
IND 38 %
LAO 41 %
THA 44 %
KHM 47 %
VNM 50 %
BLR 53 %
GEO 56 %
ARM 59 %
USA 62 %
ECU 66 %
HND 69 %
PAN 72 %
CHL 75 %
HTI 78 %
BOL 81 %
URY 84 %
MAR 88 %
TUN 91 %
PAK 94 %
AUS 97 %
LKA 100 %
NPI/NDC recalculation successful!
The model was unlocked
Submitted batch job 11023966
[1] "output/new_carbon_som_off_2018-09-13_03.58.26"
The model folder was locked by this process.
The model was unlocked
Submitted batch job 11023967
[1] "output/new_carbon_som_on_2018-09-13_04.02.16"
